

Processing Rails::InfoController#properties (for 127.0.0.1 at 2009-04-11 20:43:11) [GET]


Processing Rails::InfoController#properties (for 127.0.0.1 at 2009-04-11 20:43:11) [GET]


MissingSourceFile (no such file to load -- sqlite3):
    /usr/local/lib/site_ruby/1.8/rubygems/custom_require.rb:31:in `gem_original_require'
    /usr/local/lib/site_ruby/1.8/rubygems/custom_require.rb:31:in `require'
    /usr/lib/ruby/gems/1.8/gems/activesupport-2.2.2/lib/active_support/dependencies.rb:153:in `require'
    /usr/lib/ruby/gems/1.8/gems/activesupport-2.2.2/lib/active_support/dependencies.rb:521:in `new_constants_in'
    /usr/lib/ruby/gems/1.8/gems/activesupport-2.2.2/lib/active_support/dependencies.rb:153:in `require'
    /usr/lib/ruby/gems/1.8/gems/activesupport-2.2.2/lib/active_support/core_ext/kernel/requires.rb:7:in `require_library_or_gem'
    /usr/lib/ruby/gems/1.8/gems/activesupport-2.2.2/lib/active_support/core_ext/kernel/reporting.rb:11:in `silence_warnings'
    /usr/lib/ruby/gems/1.8/gems/activesupport-2.2.2/lib/active_support/core_ext/kernel/requires.rb:5:in `require_library_or_gem'
    /usr/lib/ruby/gems/1.8/gems/activerecord-2.2.2/lib/active_record/connection_adapters/sqlite3_adapter.rb:10:in `sqlite3_connection'
    /usr/lib/ruby/gems/1.8/gems/activerecord-2.2.2/lib/active_record/connection_adapters/abstract/connection_pool.rb:223:in `send'
    /usr/lib/ruby/gems/1.8/gems/activerecord-2.2.2/lib/active_record/connection_adapters/abstract/connection_pool.rb:223:in `new_connection'
    /usr/lib/ruby/gems/1.8/gems/activerecord-2.2.2/lib/active_record/connection_adapters/abstract/connection_pool.rb:245:in `checkout_new_connection'
    /usr/lib/ruby/gems/1.8/gems/activerecord-2.2.2/lib/active_record/connection_adapters/abstract/connection_pool.rb:188:in `checkout'
    /usr/lib/ruby/gems/1.8/gems/activerecord-2.2.2/lib/active_record/connection_adapters/abstract/connection_pool.rb:184:in `loop'
    /usr/lib/ruby/gems/1.8/gems/activerecord-2.2.2/lib/active_record/connection_adapters/abstract/connection_pool.rb:184:in `checkout'
    /usr/lib/ruby/1.8/monitor.rb:242:in `synchronize'
    /usr/lib/ruby/gems/1.8/gems/activerecord-2.2.2/lib/active_record/connection_adapters/abstract/connection_pool.rb:183:in `checkout'
    /usr/lib/ruby/gems/1.8/gems/activerecord-2.2.2/lib/active_record/connection_adapters/abstract/connection_pool.rb:98:in `connection'
    /usr/lib/ruby/gems/1.8/gems/activerecord-2.2.2/lib/active_record/connection_adapters/abstract/connection_pool.rb:326:in `retrieve_connection'
    /usr/lib/ruby/gems/1.8/gems/activerecord-2.2.2/lib/active_record/connection_adapters/abstract/connection_specification.rb:121:in `retrieve_connection'
    /usr/lib/ruby/gems/1.8/gems/activerecord-2.2.2/lib/active_record/connection_adapters/abstract/connection_specification.rb:113:in `connection'
    /usr/lib/ruby/gems/1.8/gems/activerecord-2.2.2/lib/active_record/query_cache.rb:8:in `cache'
    /usr/lib/ruby/gems/1.8/gems/actionpack-2.2.2/lib/action_controller/caching/sql_cache.rb:12:in `passenger_orig_perform_action'
    /usr/lib/ruby/1.8/phusion_passenger/railz/request_handler.rb:53:in `perform_action'
    /usr/lib/ruby/gems/1.8/gems/actionpack-2.2.2/lib/action_controller/base.rb:524:in `send'
    /usr/lib/ruby/gems/1.8/gems/actionpack-2.2.2/lib/action_controller/base.rb:524:in `process_without_filters'
    /usr/lib/ruby/gems/1.8/gems/actionpack-2.2.2/lib/action_controller/filters.rb:606:in `process_without_session_management_support'
    /usr/lib/ruby/gems/1.8/gems/actionpack-2.2.2/lib/action_controller/session_management.rb:134:in `process'
    /usr/lib/ruby/gems/1.8/gems/actionpack-2.2.2/lib/action_controller/base.rb:392:in `process'
    /usr/lib/ruby/gems/1.8/gems/actionpack-2.2.2/lib/action_controller/dispatcher.rb:183:in `handle_request'
    /usr/lib/ruby/gems/1.8/gems/actionpack-2.2.2/lib/action_controller/dispatcher.rb:110:in `dispatch_unlocked'
    /usr/lib/ruby/gems/1.8/gems/actionpack-2.2.2/lib/action_controller/dispatcher.rb:123:in `dispatch'
    /usr/lib/ruby/gems/1.8/gems/actionpack-2.2.2/lib/action_controller/dispatcher.rb:122:in `synchronize'
    /usr/lib/ruby/gems/1.8/gems/actionpack-2.2.2/lib/action_controller/dispatcher.rb:122:in `dispatch'
    /usr/lib/ruby/gems/1.8/gems/actionpack-2.2.2/lib/action_controller/dispatcher.rb:132:in `dispatch_cgi'
    /usr/lib/ruby/gems/1.8/gems/actionpack-2.2.2/lib/action_controller/dispatcher.rb:39:in `dispatch'
    /usr/lib/ruby/1.8/phusion_passenger/railz/request_handler.rb:38:in `process_request'
    /usr/lib/ruby/1.8/phusion_passenger/abstract_request_handler.rb:197:in `main_loop'
    /usr/lib/ruby/1.8/phusion_passenger/railz/application_spawner.rb:340:in `start_request_handler'
    /usr/lib/ruby/1.8/phusion_passenger/railz/application_spawner.rb:298:in `handle_spawn_application'
    /usr/lib/ruby/1.8/phusion_passenger/utils.rb:176:in `safe_fork'
    /usr/lib/ruby/1.8/phusion_passenger/railz/application_spawner.rb:296:in `handle_spawn_application'
    /usr/lib/ruby/1.8/phusion_passenger/abstract_server.rb:332:in `__send__'
    /usr/lib/ruby/1.8/phusion_passenger/abstract_server.rb:332:in `main_loop'
    /usr/lib/ruby/1.8/phusion_passenger/abstract_server.rb:182:in `start_synchronously'
    /usr/lib/ruby/1.8/phusion_passenger/abstract_server.rb:149:in `start'
    /usr/lib/ruby/1.8/phusion_passenger/railz/application_spawner.rb:192:in `start'
    /usr/lib/ruby/1.8/phusion_passenger/spawn_manager.rb:260:in `spawn_rails_application'
    /usr/lib/ruby/1.8/phusion_passenger/abstract_server_collection.rb:121:in `lookup_or_add'
    /usr/lib/ruby/1.8/phusion_passenger/spawn_manager.rb:254:in `spawn_rails_application'
    /usr/lib/ruby/1.8/phusion_passenger/abstract_server_collection.rb:75:in `synchronize'
    /usr/lib/ruby/1.8/phusion_passenger/abstract_server_collection.rb:74:in `synchronize'
    /usr/lib/ruby/1.8/phusion_passenger/spawn_manager.rb:253:in `spawn_rails_application'
    /usr/lib/ruby/1.8/phusion_passenger/spawn_manager.rb:148:in `spawn_application'
    /usr/lib/ruby/1.8/phusion_passenger/spawn_manager.rb:285:in `handle_spawn_application'
    /usr/lib/ruby/1.8/phusion_passenger/abstract_server.rb:332:in `__send__'
    /usr/lib/ruby/1.8/phusion_passenger/abstract_server.rb:332:in `main_loop'
    /usr/lib/ruby/1.8/phusion_passenger/abstract_server.rb:182:in `start_synchronously'
    /usr/lib/phusion_passenger/passenger-spawn-server:50

Rendered /usr/lib/ruby/gems/1.8/gems/actionpack-2.2.2/lib/action_controller/templates/rescues/_trace (90.8ms)
Rendered /usr/lib/ruby/gems/1.8/gems/actionpack-2.2.2/lib/action_controller/templates/rescues/_request_and_response (0.9ms)
Rendering /usr/lib/ruby/gems/1.8/gems/actionpack-2.2.2/lib/action_controller/templates/rescues/layout.erb (internal_server_error)


Processing Rails::InfoController#properties (for 127.0.0.1 at 2009-04-11 20:43:53) [GET]


Processing Rails::InfoController#properties (for 127.0.0.1 at 2009-04-11 20:43:53) [GET]


MissingSourceFile (no such file to load -- sqlite3):
    /usr/local/lib/site_ruby/1.8/rubygems/custom_require.rb:31:in `gem_original_require'
    /usr/local/lib/site_ruby/1.8/rubygems/custom_require.rb:31:in `require'
    /usr/lib/ruby/gems/1.8/gems/activesupport-2.2.2/lib/active_support/dependencies.rb:153:in `require'
    /usr/lib/ruby/gems/1.8/gems/activesupport-2.2.2/lib/active_support/dependencies.rb:521:in `new_constants_in'
    /usr/lib/ruby/gems/1.8/gems/activesupport-2.2.2/lib/active_support/dependencies.rb:153:in `require'
    /usr/lib/ruby/gems/1.8/gems/activesupport-2.2.2/lib/active_support/core_ext/kernel/requires.rb:7:in `require_library_or_gem'
    /usr/lib/ruby/gems/1.8/gems/activesupport-2.2.2/lib/active_support/core_ext/kernel/reporting.rb:11:in `silence_warnings'
    /usr/lib/ruby/gems/1.8/gems/activesupport-2.2.2/lib/active_support/core_ext/kernel/requires.rb:5:in `require_library_or_gem'
    /usr/lib/ruby/gems/1.8/gems/activerecord-2.2.2/lib/active_record/connection_adapters/sqlite3_adapter.rb:10:in `sqlite3_connection'
    /usr/lib/ruby/gems/1.8/gems/activerecord-2.2.2/lib/active_record/connection_adapters/abstract/connection_pool.rb:223:in `send'
    /usr/lib/ruby/gems/1.8/gems/activerecord-2.2.2/lib/active_record/connection_adapters/abstract/connection_pool.rb:223:in `new_connection'
    /usr/lib/ruby/gems/1.8/gems/activerecord-2.2.2/lib/active_record/connection_adapters/abstract/connection_pool.rb:245:in `checkout_new_connection'
    /usr/lib/ruby/gems/1.8/gems/activerecord-2.2.2/lib/active_record/connection_adapters/abstract/connection_pool.rb:188:in `checkout'
    /usr/lib/ruby/gems/1.8/gems/activerecord-2.2.2/lib/active_record/connection_adapters/abstract/connection_pool.rb:184:in `loop'
    /usr/lib/ruby/gems/1.8/gems/activerecord-2.2.2/lib/active_record/connection_adapters/abstract/connection_pool.rb:184:in `checkout'
    /usr/lib/ruby/1.8/monitor.rb:242:in `synchronize'
    /usr/lib/ruby/gems/1.8/gems/activerecord-2.2.2/lib/active_record/connection_adapters/abstract/connection_pool.rb:183:in `checkout'
    /usr/lib/ruby/gems/1.8/gems/activerecord-2.2.2/lib/active_record/connection_adapters/abstract/connection_pool.rb:98:in `connection'
    /usr/lib/ruby/gems/1.8/gems/activerecord-2.2.2/lib/active_record/connection_adapters/abstract/connection_pool.rb:326:in `retrieve_connection'
    /usr/lib/ruby/gems/1.8/gems/activerecord-2.2.2/lib/active_record/connection_adapters/abstract/connection_specification.rb:121:in `retrieve_connection'
    /usr/lib/ruby/gems/1.8/gems/activerecord-2.2.2/lib/active_record/connection_adapters/abstract/connection_specification.rb:113:in `connection'
    /usr/lib/ruby/gems/1.8/gems/activerecord-2.2.2/lib/active_record/query_cache.rb:8:in `cache'
    /usr/lib/ruby/gems/1.8/gems/actionpack-2.2.2/lib/action_controller/caching/sql_cache.rb:12:in `passenger_orig_perform_action'
    /usr/lib/ruby/1.8/phusion_passenger/railz/request_handler.rb:53:in `perform_action'
    /usr/lib/ruby/gems/1.8/gems/actionpack-2.2.2/lib/action_controller/base.rb:524:in `send'
    /usr/lib/ruby/gems/1.8/gems/actionpack-2.2.2/lib/action_controller/base.rb:524:in `process_without_filters'
    /usr/lib/ruby/gems/1.8/gems/actionpack-2.2.2/lib/action_controller/filters.rb:606:in `process_without_session_management_support'
    /usr/lib/ruby/gems/1.8/gems/actionpack-2.2.2/lib/action_controller/session_management.rb:134:in `process'
    /usr/lib/ruby/gems/1.8/gems/actionpack-2.2.2/lib/action_controller/base.rb:392:in `process'
    /usr/lib/ruby/gems/1.8/gems/actionpack-2.2.2/lib/action_controller/dispatcher.rb:183:in `handle_request'
    /usr/lib/ruby/gems/1.8/gems/actionpack-2.2.2/lib/action_controller/dispatcher.rb:110:in `dispatch_unlocked'
    /usr/lib/ruby/gems/1.8/gems/actionpack-2.2.2/lib/action_controller/dispatcher.rb:123:in `dispatch'
    /usr/lib/ruby/gems/1.8/gems/actionpack-2.2.2/lib/action_controller/dispatcher.rb:122:in `synchronize'
    /usr/lib/ruby/gems/1.8/gems/actionpack-2.2.2/lib/action_controller/dispatcher.rb:122:in `dispatch'
    /usr/lib/ruby/gems/1.8/gems/actionpack-2.2.2/lib/action_controller/dispatcher.rb:132:in `dispatch_cgi'
    /usr/lib/ruby/gems/1.8/gems/actionpack-2.2.2/lib/action_controller/dispatcher.rb:39:in `dispatch'
    /usr/lib/ruby/1.8/phusion_passenger/railz/request_handler.rb:38:in `process_request'
    /usr/lib/ruby/1.8/phusion_passenger/abstract_request_handler.rb:197:in `main_loop'
    /usr/lib/ruby/1.8/phusion_passenger/railz/application_spawner.rb:340:in `start_request_handler'
    /usr/lib/ruby/1.8/phusion_passenger/railz/application_spawner.rb:298:in `handle_spawn_application'
    /usr/lib/ruby/1.8/phusion_passenger/utils.rb:176:in `safe_fork'
    /usr/lib/ruby/1.8/phusion_passenger/railz/application_spawner.rb:296:in `handle_spawn_application'
    /usr/lib/ruby/1.8/phusion_passenger/abstract_server.rb:332:in `__send__'
    /usr/lib/ruby/1.8/phusion_passenger/abstract_server.rb:332:in `main_loop'
    /usr/lib/ruby/1.8/phusion_passenger/abstract_server.rb:182:in `start_synchronously'
    /usr/lib/ruby/1.8/phusion_passenger/abstract_server.rb:149:in `start'
    /usr/lib/ruby/1.8/phusion_passenger/railz/application_spawner.rb:192:in `start'
    /usr/lib/ruby/1.8/phusion_passenger/spawn_manager.rb:260:in `spawn_rails_application'
    /usr/lib/ruby/1.8/phusion_passenger/abstract_server_collection.rb:121:in `lookup_or_add'
    /usr/lib/ruby/1.8/phusion_passenger/spawn_manager.rb:254:in `spawn_rails_application'
    /usr/lib/ruby/1.8/phusion_passenger/abstract_server_collection.rb:75:in `synchronize'
    /usr/lib/ruby/1.8/phusion_passenger/abstract_server_collection.rb:74:in `synchronize'
    /usr/lib/ruby/1.8/phusion_passenger/spawn_manager.rb:253:in `spawn_rails_application'
    /usr/lib/ruby/1.8/phusion_passenger/spawn_manager.rb:148:in `spawn_application'
    /usr/lib/ruby/1.8/phusion_passenger/spawn_manager.rb:285:in `handle_spawn_application'
    /usr/lib/ruby/1.8/phusion_passenger/abstract_server.rb:332:in `__send__'
    /usr/lib/ruby/1.8/phusion_passenger/abstract_server.rb:332:in `main_loop'
    /usr/lib/ruby/1.8/phusion_passenger/abstract_server.rb:182:in `start_synchronously'
    /usr/lib/phusion_passenger/passenger-spawn-server:50

Rendered /usr/lib/ruby/gems/1.8/gems/actionpack-2.2.2/lib/action_controller/templates/rescues/_trace (36.7ms)
Rendered /usr/lib/ruby/gems/1.8/gems/actionpack-2.2.2/lib/action_controller/templates/rescues/_request_and_response (0.8ms)
Rendering /usr/lib/ruby/gems/1.8/gems/actionpack-2.2.2/lib/action_controller/templates/rescues/layout.erb (internal_server_error)


Processing Rails::InfoController#properties (for 127.0.0.1 at 2009-04-11 20:44:05) [GET]
  [4;36;1mSQL (0.1ms)[0m   [0;1mSET SQL_AUTO_IS_NULL=0[0m
  [4;35;1mSQL (0.4ms)[0m   [0mSHOW TABLES[0m
  [4;36;1mSQL (0.3ms)[0m   [0;1mSELECT version FROM schema_migrations[0m
Completed in 78ms (View: 2, DB: 1) | 200 OK [http://freecycle-status.local/rails/info/properties]


Processing ApplicationController#index (for 127.0.0.1 at 2009-04-11 20:53:03) [GET]


ActionController::RoutingError (No route matches "/" with {:method=>:get}):
    /usr/lib/ruby/gems/1.8/gems/actionpack-2.2.2/lib/action_controller/routing/recognition_optimisation.rb:66:in `recognize_path'
    /usr/lib/ruby/gems/1.8/gems/actionpack-2.2.2/lib/action_controller/routing/route_set.rb:386:in `recognize'
    /usr/lib/ruby/gems/1.8/gems/actionpack-2.2.2/lib/action_controller/dispatcher.rb:182:in `handle_request'
    /usr/lib/ruby/gems/1.8/gems/actionpack-2.2.2/lib/action_controller/dispatcher.rb:110:in `dispatch_unlocked'
    /usr/lib/ruby/gems/1.8/gems/actionpack-2.2.2/lib/action_controller/dispatcher.rb:123:in `dispatch'
    /usr/lib/ruby/gems/1.8/gems/actionpack-2.2.2/lib/action_controller/dispatcher.rb:122:in `synchronize'
    /usr/lib/ruby/gems/1.8/gems/actionpack-2.2.2/lib/action_controller/dispatcher.rb:122:in `dispatch'
    /usr/lib/ruby/gems/1.8/gems/actionpack-2.2.2/lib/action_controller/dispatcher.rb:132:in `dispatch_cgi'
    /usr/lib/ruby/gems/1.8/gems/actionpack-2.2.2/lib/action_controller/dispatcher.rb:39:in `dispatch'
    /usr/lib/ruby/1.8/phusion_passenger/railz/request_handler.rb:38:in `process_request'
    /usr/lib/ruby/1.8/phusion_passenger/abstract_request_handler.rb:197:in `main_loop'
    /usr/lib/ruby/1.8/phusion_passenger/railz/application_spawner.rb:340:in `start_request_handler'
    /usr/lib/ruby/1.8/phusion_passenger/railz/application_spawner.rb:298:in `handle_spawn_application'
    /usr/lib/ruby/1.8/phusion_passenger/utils.rb:176:in `safe_fork'
    /usr/lib/ruby/1.8/phusion_passenger/railz/application_spawner.rb:296:in `handle_spawn_application'
    /usr/lib/ruby/1.8/phusion_passenger/abstract_server.rb:332:in `__send__'
    /usr/lib/ruby/1.8/phusion_passenger/abstract_server.rb:332:in `main_loop'
    /usr/lib/ruby/1.8/phusion_passenger/abstract_server.rb:182:in `start_synchronously'
    /usr/lib/ruby/1.8/phusion_passenger/abstract_server.rb:149:in `start'
    /usr/lib/ruby/1.8/phusion_passenger/railz/application_spawner.rb:192:in `start'
    /usr/lib/ruby/1.8/phusion_passenger/spawn_manager.rb:260:in `spawn_rails_application'
    /usr/lib/ruby/1.8/phusion_passenger/abstract_server_collection.rb:121:in `lookup_or_add'
    /usr/lib/ruby/1.8/phusion_passenger/spawn_manager.rb:254:in `spawn_rails_application'
    /usr/lib/ruby/1.8/phusion_passenger/abstract_server_collection.rb:75:in `synchronize'
    /usr/lib/ruby/1.8/phusion_passenger/abstract_server_collection.rb:74:in `synchronize'
    /usr/lib/ruby/1.8/phusion_passenger/spawn_manager.rb:253:in `spawn_rails_application'
    /usr/lib/ruby/1.8/phusion_passenger/spawn_manager.rb:148:in `spawn_application'
    /usr/lib/ruby/1.8/phusion_passenger/spawn_manager.rb:285:in `handle_spawn_application'
    /usr/lib/ruby/1.8/phusion_passenger/abstract_server.rb:332:in `__send__'
    /usr/lib/ruby/1.8/phusion_passenger/abstract_server.rb:332:in `main_loop'
    /usr/lib/ruby/1.8/phusion_passenger/abstract_server.rb:182:in `start_synchronously'
    /usr/lib/phusion_passenger/passenger-spawn-server:50

Rendering /usr/lib/ruby/gems/1.8/gems/actionpack-2.2.2/lib/action_controller/templates/rescues/layout.erb (not_found)
